Arguments: 
  C:\Program Files\nodejs\node.exe C:\Program Files (x86)\Yarn\bin\yarn.js add pdfmaker

PATH: 
  C:\Program Files (x86)\Common Files\Oracle\Java\javapath;C:\Program Files (x86)\Embarcadero\Studio\20.0\bin;C:\Users\Public\Documents\Embarcadero\Studio\20.0\Bpl;C:\Program Files (x86)\Embarcadero\Studio\20.0\bin64;C:\Users\Public\Documents\Embarcadero\Studio\20.0\Bpl\Win64;C:\WINDOWS\system32;C:\WINDOWS;C:\WINDOWS\System32\Wbem;C:\WINDOWS\System32\WindowsPowerShell\v1.0\;C:\WINDOWS\System32\OpenSSH\;C:\ProgramData\chocolatey\bin;C:\tools\php80;C:\Program Files\Git\cmd;C:\tools\php74;C:\ProgramData\ComposerSetup\bin;C:\Program Files (x86)\Yarn\bin\;C:\Program Files\nodejs\;C:\Users\Christian Cesar\AppData\Roaming\npm\ext-gen;;C:\Program Files\Docker\Docker\resources\bin;C:\ProgramData\DockerDesktop\version-bin;C:\Users\Christian Cesar\AppData\Local\Microsoft\WindowsApps;C:\Users\Christian Cesar\AppData\Local\Programs\Microsoft VS Code\bin;C:\Users\Christian Cesar\AppData\Roaming\Composer\vendor\bin;C:\tools\mysql\current\bin;C:\Users\Christian Cesar\AppData\Local\Yarn\bin;C:\Users\Christian Cesar\AppData\Roaming\npm;C:\Users\Christian Cesar\AppData\Local\Programs\oh-my-posh\bin;C:\Users\Christian Cesar\AppData\Local\Programs\oh-my-posh\themes;C:\Users\Christian Cesar\AppData\Local\Programs\oh-my-posh\bin\oh-my-posh.exe;

Yarn version: 
  1.22.5

Node version: 
  14.17.4

Platform: 
  win32 x64

Trace: 
  Error: https://registry.yarnpkg.com/pdfmaker: Not found
      at Request.params.callback [as _callback] (C:\Program Files (x86)\Yarn\lib\cli.js:66097:18)
      at Request.self.callback (C:\Program Files (x86)\Yarn\lib\cli.js:140749:22)
      at Request.emit (events.js:400:28)
      at Request.<anonymous> (C:\Program Files (x86)\Yarn\lib\cli.js:141721:10)
      at Request.emit (events.js:400:28)
      at IncomingMessage.<anonymous> (C:\Program Files (x86)\Yarn\lib\cli.js:141643:12)
      at Object.onceWrapper (events.js:519:28)
      at IncomingMessage.emit (events.js:412:35)
      at endReadableNT (internal/streams/readable.js:1317:12)
      at processTicksAndRejections (internal/process/task_queues.js:82:21)

npm manifest: 
  {
    "name": "pdf-js",
    "version": "1.0.0",
    "main": "index.js",
    "license": "MIT"
  }

yarn manifest: 
  No manifest

Lockfile: 
  No lockfile
